<?xml version="1.0" encoding="UTF-8"?>
<testsuite name="com.example.project.TestAirport" tests="3" skipped="0" failures="0" errors="0" timestamp="2025-02-20T01:47:16" hostname="codespaces-c5ce29" time="0.032">
  <properties/>
  <testcase name="testUpdateAllFlights()" classname="com.example.project.TestAirport" time="0.007"/>
  <testcase name="testRevenuePARTA()" classname="com.example.project.TestAirport" time="0.0"/>
  <testcase name="testUpdateFlightsPARTB()" classname="com.example.project.TestAirport" time="0.008"/>
  <system-out><![CDATA[]]></system-out>
  <system-err><![CDATA[]]></system-err>
</testsuite>
